warning: Tag 'CLASS_DIAGRAMS' at line 59 of file 'Doxyfile' has become obsolete.
         To avoid this warning please remove this line from your configuration file or upgrade it using "doxygen -u"
warning: Changing CLASS_GRAPH option to TEXT because obsolete option CLASS_DIAGRAM was found and set to NO.
Doxygen version used: 1.14.0
Searching for include files...
Searching for example files...
Searching for images...
Searching for dot files...
Searching for msc files...
Searching for dia files...
Searching for plantuml files...
Searching for files to exclude
Searching INPUT for files to process...
Searching for files in directory /Users/ethanpuchaty/Repos/badge/fman25/main/src
Searching for files in directory /Users/ethanpuchaty/Repos/badge/fman25/main/src/songs
Reading and parsing tag files
Parsing files
Reading /Users/ethanpuchaty/Repos/badge/fman25/README.md...
Reading /Users/ethanpuchaty/Repos/badge/fman25/DOCUMENTATION.md...
Preprocessing /Users/ethanpuchaty/Repos/badge/fman25/main/src/AppMain.c...
Parsing file /Users/ethanpuchaty/Repos/badge/fman25/main/src/AppMain.c...
Preprocessing /Users/ethanpuchaty/Repos/badge/fman25/main/src/BadgeStats.c...
Parsing file /Users/ethanpuchaty/Repos/badge/fman25/main/src/BadgeStats.c...
Preprocessing /Users/ethanpuchaty/Repos/badge/fman25/main/src/BatterySensor.c...
Parsing file /Users/ethanpuchaty/Repos/badge/fman25/main/src/BatterySensor.c...
Preprocessing /Users/ethanpuchaty/Repos/badge/fman25/main/src/BleControl.c...
Parsing file /Users/ethanpuchaty/Repos/badge/fman25/main/src/BleControl.c...
Preprocessing /Users/ethanpuchaty/Repos/badge/fman25/main/src/BleControl_AdvScan.c...
Parsing file /Users/ethanpuchaty/Repos/badge/fman25/main/src/BleControl_AdvScan.c...
Preprocessing /Users/ethanpuchaty/Repos/badge/fman25/main/src/BleControl_Service.c...
Parsing file /Users/ethanpuchaty/Repos/badge/fman25/main/src/BleControl_Service.c...
Preprocessing /Users/ethanpuchaty/Repos/badge/fman25/main/src/BleControl_ServiceChar_FileTransfer.c...
Parsing file /Users/ethanpuchaty/Repos/badge/fman25/main/src/BleControl_ServiceChar_FileTransfer.c...
Preprocessing /Users/ethanpuchaty/Repos/badge/fman25/main/src/BleControl_ServiceChar_InteractiveGame.c...
Parsing file /Users/ethanpuchaty/Repos/badge/fman25/main/src/BleControl_ServiceChar_InteractiveGame.c...
Preprocessing /Users/ethanpuchaty/Repos/badge/fman25/main/src/BleSpec.c...
Parsing file /Users/ethanpuchaty/Repos/badge/fman25/main/src/BleSpec.c...
Preprocessing /Users/ethanpuchaty/Repos/badge/fman25/main/src/CircularBuffer.c...
Parsing file /Users/ethanpuchaty/Repos/badge/fman25/main/src/CircularBuffer.c...
Preprocessing /Users/ethanpuchaty/Repos/badge/fman25/main/src/Console.c...
Parsing file /Users/ethanpuchaty/Repos/badge/fman25/main/src/Console.c...
Preprocessing /Users/ethanpuchaty/Repos/badge/fman25/main/src/DiskUtilities.c...
Parsing file /Users/ethanpuchaty/Repos/badge/fman25/main/src/DiskUtilities.c...
Preprocessing /Users/ethanpuchaty/Repos/badge/fman25/main/src/GameState.c...
Parsing file /Users/ethanpuchaty/Repos/badge/fman25/main/src/GameState.c...
Preprocessing /Users/ethanpuchaty/Repos/badge/fman25/main/src/GpioControl.c...
Parsing file /Users/ethanpuchaty/Repos/badge/fman25/main/src/GpioControl.c...
Preprocessing /Users/ethanpuchaty/Repos/badge/fman25/main/src/hashmap.c...
Parsing file /Users/ethanpuchaty/Repos/badge/fman25/main/src/hashmap.c...
Preprocessing /Users/ethanpuchaty/Repos/badge/fman25/main/src/HTTPGameClient.c...
Parsing file /Users/ethanpuchaty/Repos/badge/fman25/main/src/HTTPGameClient.c...
Preprocessing /Users/ethanpuchaty/Repos/badge/fman25/main/src/JsonUtils.c...
Parsing file /Users/ethanpuchaty/Repos/badge/fman25/main/src/JsonUtils.c...
Preprocessing /Users/ethanpuchaty/Repos/badge/fman25/main/src/LedControl.c...
Parsing file /Users/ethanpuchaty/Repos/badge/fman25/main/src/LedControl.c...
Preprocessing /Users/ethanpuchaty/Repos/badge/fman25/main/src/LedModing.c...
Parsing file /Users/ethanpuchaty/Repos/badge/fman25/main/src/LedModing.c...
Preprocessing /Users/ethanpuchaty/Repos/badge/fman25/main/src/LedSequences.c...
Parsing file /Users/ethanpuchaty/Repos/badge/fman25/main/src/LedSequences.c...
Preprocessing /Users/ethanpuchaty/Repos/badge/fman25/main/src/Mutex.c...
Parsing file /Users/ethanpuchaty/Repos/badge/fman25/main/src/Mutex.c...
Preprocessing /Users/ethanpuchaty/Repos/badge/fman25/main/src/Notes.c...
Parsing file /Users/ethanpuchaty/Repos/badge/fman25/main/src/Notes.c...
Preprocessing /Users/ethanpuchaty/Repos/badge/fman25/main/src/NotificationDispatcher.c...
Parsing file /Users/ethanpuchaty/Repos/badge/fman25/main/src/NotificationDispatcher.c...
Preprocessing /Users/ethanpuchaty/Repos/badge/fman25/main/src/Ocarina.c...
Parsing file /Users/ethanpuchaty/Repos/badge/fman25/main/src/Ocarina.c...
Preprocessing /Users/ethanpuchaty/Repos/badge/fman25/main/src/OtaUpdate.c...
Parsing file /Users/ethanpuchaty/Repos/badge/fman25/main/src/OtaUpdate.c...
Preprocessing /Users/ethanpuchaty/Repos/badge/fman25/main/src/Songs.c...
Parsing file /Users/ethanpuchaty/Repos/badge/fman25/main/src/Songs.c...
Preprocessing /Users/ethanpuchaty/Repos/badge/fman25/main/src/songs/BoleroOfFire.c...
Parsing file /Users/ethanpuchaty/Repos/badge/fman25/main/src/songs/BoleroOfFire.c...
Preprocessing /Users/ethanpuchaty/Repos/badge/fman25/main/src/songs/Bonus.c...
Parsing file /Users/ethanpuchaty/Repos/badge/fman25/main/src/songs/Bonus.c...
Preprocessing /Users/ethanpuchaty/Repos/badge/fman25/main/src/songs/BonusBonus.c...
Parsing file /Users/ethanpuchaty/Repos/badge/fman25/main/src/songs/BonusBonus.c...
Preprocessing /Users/ethanpuchaty/Repos/badge/fman25/main/src/songs/ChestSound.c...
Parsing file /Users/ethanpuchaty/Repos/badge/fman25/main/src/songs/ChestSound.c...
Preprocessing /Users/ethanpuchaty/Repos/badge/fman25/main/src/songs/EponasSong.c...
Parsing file /Users/ethanpuchaty/Repos/badge/fman25/main/src/songs/EponasSong.c...
Preprocessing /Users/ethanpuchaty/Repos/badge/fman25/main/src/songs/Fanfare.c...
Parsing file /Users/ethanpuchaty/Repos/badge/fman25/main/src/songs/Fanfare.c...
Preprocessing /Users/ethanpuchaty/Repos/badge/fman25/main/src/songs/Margaritaville.c...
Parsing file /Users/ethanpuchaty/Repos/badge/fman25/main/src/songs/Margaritaville.c...
Preprocessing /Users/ethanpuchaty/Repos/badge/fman25/main/src/songs/MinuetOfForest.c...
Parsing file /Users/ethanpuchaty/Repos/badge/fman25/main/src/songs/MinuetOfForest.c...
Preprocessing /Users/ethanpuchaty/Repos/badge/fman25/main/src/songs/NocturneOfShadow.c...
Parsing file /Users/ethanpuchaty/Repos/badge/fman25/main/src/songs/NocturneOfShadow.c...
Preprocessing /Users/ethanpuchaty/Repos/badge/fman25/main/src/songs/PreludeOfLight.c...
Parsing file /Users/ethanpuchaty/Repos/badge/fman25/main/src/songs/PreludeOfLight.c...
Preprocessing /Users/ethanpuchaty/Repos/badge/fman25/main/src/songs/RequiemOfSpirit.c...
Parsing file /Users/ethanpuchaty/Repos/badge/fman25/main/src/songs/RequiemOfSpirit.c...
Preprocessing /Users/ethanpuchaty/Repos/badge/fman25/main/src/songs/RightRound.c...
Parsing file /Users/ethanpuchaty/Repos/badge/fman25/main/src/songs/RightRound.c...
Preprocessing /Users/ethanpuchaty/Repos/badge/fman25/main/src/songs/SariasSong.c...
Parsing file /Users/ethanpuchaty/Repos/badge/fman25/main/src/songs/SariasSong.c...
Preprocessing /Users/ethanpuchaty/Repos/badge/fman25/main/src/songs/SecretSound.c...
Parsing file /Users/ethanpuchaty/Repos/badge/fman25/main/src/songs/SecretSound.c...
Preprocessing /Users/ethanpuchaty/Repos/badge/fman25/main/src/songs/SerenadeOfWater.c...
Parsing file /Users/ethanpuchaty/Repos/badge/fman25/main/src/songs/SerenadeOfWater.c...
Preprocessing /Users/ethanpuchaty/Repos/badge/fman25/main/src/songs/SongOfStorms.c...
Parsing file /Users/ethanpuchaty/Repos/badge/fman25/main/src/songs/SongOfStorms.c...
Preprocessing /Users/ethanpuchaty/Repos/badge/fman25/main/src/songs/SongOfTime.c...
Parsing file /Users/ethanpuchaty/Repos/badge/fman25/main/src/songs/SongOfTime.c...
Preprocessing /Users/ethanpuchaty/Repos/badge/fman25/main/src/songs/SuccessSound.c...
Parsing file /Users/ethanpuchaty/Repos/badge/fman25/main/src/songs/SuccessSound.c...
Preprocessing /Users/ethanpuchaty/Repos/badge/fman25/main/src/songs/SunsSong.c...
Parsing file /Users/ethanpuchaty/Repos/badge/fman25/main/src/songs/SunsSong.c...
Preprocessing /Users/ethanpuchaty/Repos/badge/fman25/main/src/songs/ZeldaOpening.c...
Parsing file /Users/ethanpuchaty/Repos/badge/fman25/main/src/songs/ZeldaOpening.c...
Pr<_BleControl_SyncCallbackHandler>:1: warning: argument 'prefer_random' of command @param is not found in the argument list of _BleControl_SyncCallbackHandler(void)
<_BleControl_SyncCallbackHandler>:1: warning: argument 'privacy' of command @param is not found in the argument list of _BleControl_SyncCallbackHandler(void)
<_BleControl_SyncCallbackHandler>:1: warning: argument 'out_addr_type' of command @param is not found in the argument list of _BleControl_SyncCallbackHandler(void)
<_BleControl_SyncCallbackHandler>:1: warning: found documented return type for _BleControl_SyncCallbackHandler that does not return anything
/Users/ethanpuchaty/Repos/badge/fman25/main/src/BleControl_Service.c:598: warning: argument 'ctxt' of command @param is not found in the argument list of _BleControl_GapEventHandler(struct ble_gap_event *event, void *arg)
/Users/ethanpuchaty/Repos/badge/fman25/main/src/BleControl_Service.c:598: warning: argument 'handle' of command @param is not found in the argument list of _BleControl_GapEventHandler(struct ble_gap_event *event, void *arg)
/Users/ethanpuchaty/Repos/badge/fman25/main/src/BleControl_Service.c:598: warning: argument 'out_desc' of command @param is not found in the argument list of _BleControl_GapEventHandler(struct ble_gap_event *event, void *arg)
/Users/ethanpuchaty/Repos/badge/fman25/main/src/BleControl_Service.c:598: warning: The following parameters of _BleControl_GapEventHandler(struct ble_gap_event *event, void *arg) are not documented:
  parameter 'event'
  parameter 'arg'
/Users/ethanpuchaty/Repos/badge/fman25/main/src/BleControl_Service.c:875: warning: argument 'om' of command @param is not found in the argument list of _BleControl_GattServiceEventHandler(uint16_t conn_handle, uint16_t attr_handle, struct ble_gatt_access_ctxt *ctxt, void *arg)
/Users/ethanpuchaty/Repos/badge/fman25/main/src/BleControl_Service.c:875: warning: argument 'data' of command @param is not found in the argument list of _BleControl_GattServiceEventHandler(uint16_t conn_handle, uint16_t attr_handle, struct ble_gatt_access_ctxt *ctxt, void *arg)
/Users/ethanpuchaty/Repos/badge/fman25/main/src/BleControl_Service.c:875: warning: argument 'len' of command @param is not found in the argument list of _BleControl_GattServiceEventHandler(uint16_t conn_handle, uint16_t attr_handle, struct ble_gatt_access_ctxt *ctxt, void *arg)
/Users/ethanpuchaty/Repos/badge/fman25/main/src/BleControl_Service.c:875: warning: argument 'uuid1' of command @param is not found in the argument list of _BleControl_GattServiceEventHandler(uint16_t conn_handle, uint16_t attr_handle, struct ble_gatt_access_ctxt *ctxt, void *arg)
/Users/ethanpuchaty/Repos/badge/fman25/main/src/BleControl_Service.c:875: warning: argument 'uuid2' of command @param is not found in the argument list of _BleControl_GattServiceEventHandler(uint16_t conn_handle, uint16_t attr_handle, struct ble_gatt_access_ctxt *ctxt, void *arg)
/Users/ethanpuchaty/Repos/badge/fman25/main/src/BleControl_Service.c:875: warning: The following parameters of _BleControl_GattServiceEventHandler(uint16_t conn_handle, uint16_t attr_handle, struct ble_gatt_access_ctxt *ctxt, void *arg) are not documented:
  parameter 'conn_handle'
  parameter 'attr_handle'
  parameter 'ctxt'
  parameter 'arg'
/Users/ethanpuchaty/Repos/badge/fman25/main/src/BleControl_Service.c:255: warning: argument 'own_addr_type' of command @param is not found in the argument list of _BleControl_StartAdvertisement(BleControl *this, bool advertiseService)
/Users/ethanpuchaty/Repos/badge/fman25/main/src/BleControl_Service.c:255: warning: argument 'direct_addr' of command @param is not found in the argument list of _BleControl_StartAdvertisement(BleControl *this, bool advertiseService)
/Users/ethanpuchaty/Repos/badge/fman25/main/src/BleControl_Service.c:255: warning: argument 'duration_ms' of command @param is not found in the argument list of _BleControl_StartAdvertisement(BleControl *this, bool advertiseService)
/Users/ethanpuchaty/Repos/badge/fman25/main/src/BleControl_Service.c:255: warning: argument 'adv_params' of command @param is not found in the argument list of _BleControl_StartAdvertisement(BleControl *this, bool advertiseService)
/Users/ethanpuchaty/Repos/badge/fman25/main/src/BleControl_Service.c:255: warning: argument 'cb' of command @param is not found in the argument list of _BleControl_StartAdvertisement(BleControl *this, bool advertiseService)
/Users/ethanpuchaty/Repos/badge/fman25/main/src/BleControl_Service.c:255: warning: argument 'cb_arg' of command @param is not found in the argument list of _BleControl_StartAdvertisement(BleControl *this, bool advertiseService)
/Users/ethanpuchaty/Repos/badge/fman25/main/src/BleControl_Service.c:255: warning: The following parameters of _BleControl_StartAdvertisement(BleControl *this, bool advertiseService) are not documented:
  parameter 'this'
  parameter 'advertiseService'
/Users/ethanpuchaty/Repos/badge/fman25/main/src/BleControl_Service.c:255: warning: found documented return type for _BleControl_StartAdvertisement that does not return anything
<BleControl_DisableBleService>:1: warning: argument 'uuid' of command @param is not found in the argument list of BleControl_DisableBleService(BleControl *this, bool notify)
<BleControl_DisableBleService>:1: warning: The following parameters of BleControl_DisableBleService(BleControl *this, bool notify) are not documented:
  parameter 'this'
  parameter 'notify'
<BleControl_EnableBleService>:1: warning: argument 'svcs' of command @param is not found in the argument list of BleControl_EnableBleService(BleControl *this, bool pairingMode, uint32_t timeoutBleServiceDisableUSec)
<BleControl_EnableBleService>:1: warning: The following parameters of BleControl_EnableBleService(BleControl *this, bool pairingMode, uint32_t timeoutBleServiceDisableUSec) are not documented:
  parameter 'this'
  parameter 'pairingMode'
  parameter 'timeoutBleServiceDisableUSec'
/Users/ethanpuchaty/Repos/badge/fman25/main/src/BleControl_ServiceChar_InteractiveGame.c:129: warning: argument 'chr_val_handle' of command @param is not found in the argument list of BleControl_SetTouchSensorActive(BleControl *this, uint32_t touchSensorIndex, bool active)
/Users/ethanpuchaty/Repos/badge/fman25/main/src/BleControl_ServiceChar_InteractiveGame.c:129: warning: The following parameters of BleControl_SetTouchSensorActive(BleControl *this, uint32_t touchSensorIndex, bool active) are not documented:
  parameter 'this'
  parameter 'touchSensorIndex'
  parameter 'active'
eprocessing /Users/ethanpuchaty/Repos/badge/fman25/main/src/songs/ZeldasLullaby.c...
Parsing file /Users/ethanpuchaty/Repos/badge/fman25/main/src/songs/ZeldasLullaby.c...
Preprocessing /Users/ethanpuchaty/Repos/badge/fman25/main/src/songs/ZeldaTheme.c...
Parsing file /Users/ethanpuchaty/Repos/badge/fman25/main/src/songs/ZeldaTheme.c...
Preprocessing /Users/ethanpuchaty/Repos/badge/fman25/main/src/SynthMode.c...
Parsing file /Users/ethanpuchaty/Repos/badge/fman25/main/src/SynthMode.c...
Preprocessing /Users/ethanpuchaty/Repos/badge/fman25/main/src/SystemState.c...
Parsing file /Users/ethanpuchaty/Repos/badge/fman25/main/src/SystemState.c...
Preprocessing /Users/ethanpuchaty/Repos/badge/fman25/main/src/TimeUtils.c...
Parsing file /Users/ethanpuchaty/Repos/badge/fman25/main/src/TimeUtils.c...
Preprocessing /Users/ethanpuchaty/Repos/badge/fman25/main/src/TouchActions.c...
Parsing file /Users/ethanpuchaty/Repos/badge/fman25/main/src/TouchActions.c...
Preprocessing /Users/ethanpuchaty/Repos/badge/fman25/main/src/TouchSensor.c...
Parsing file /Users/ethanpuchaty/Repos/badge/fman25/main/src/TouchSensor.c...
Preprocessing /Users/ethanpuchaty/Repos/badge/fman25/main/src/UserSettings.c...
Parsing file /Users/ethanpuchaty/Repos/badge/fman25/main/src/UserSettings.c...
Preprocessing /Users/ethanpuchaty/Repos/badge/fman25/main/src/Utilities.c...
Parsing file /Users/ethanpuchaty/Repos/badge/fman25/main/src/Utilities.c...
Preprocessing /Users/ethanpuchaty/Repos/badge/fman25/main/src/WifiClient.c...
Parsing file /Users/ethanpuchaty/Repos/badge/fman25/main/src/WifiClient.c...
Building macro definition list...
Building group list...
Building directory list...
Building namespace list...
Building file list...
Building class list...
Building concept list...
Computing nesting relations for classes...
Associating documentation with classes...
Associating documentation with concepts...
Associating documentation with modules...
Building example list...
Searching for enumerations...
Searching for documented typedefs...
Searching for members imported via using declarations...
Searching for included using directives...
Searching for documented variables...
Building interface member list...
Building member list...
Searching for friends...
Searching for documented defines...
Computing class inheritance relations...
Computing class usage relations...
Flushing cached template relations that have become invalid...
Warn for undocumented namespaces...
Computing class relations...
Add enum values to enums...
Searching for member function documentation...
Creating members for template instances...
Building page list...
Search for main page...
Computing page relations...
Determining the scope of groups...
Computing module relations...
Sorting lists...
Determining which enums are documented
Computing member relations...
Building full member lists recursively...
Adding members to member groups.
Computing member references...
Inheriting documentation...
Generating disk names...
Adding source references...
Adding xrefitems...
Sorting member lists...
Setting anonymous enum type...
Computing dependencies between directories...
Generating citations page...
Counting members...
Counting data structures...
Resolving user defined references...
Finding anchors and sections in the documentation...
Transferring function references...
Combining using relations...
Adding members to index pages...
Correcting members for VHDL...
Computing tooltip texts...
Generating style sheet...
Generating search indices...
Generating example documentation...
Generating file sources...
Generating file documentation...
Generating docs for file DOCUMENTATION.md...
Generating docs for file AppMain.c...
Generating docs for file BadgeStats.c...
Generating docs for file BatterySensor.c...
Generating docs for file BleControl.c...
Generating docs for file BleControl_AdvScan.c...
Generating docs for file BleControl_Service.c...
Generating docs for file BleControl_ServiceChar_FileTransfer.c...
Generating docs for file BleControl_ServiceChar_InteractiveGame.c...
Generating docs for file BleSpec.c...
Gen/Users/ethanpuchaty/Repos/badge/fman25/main/src/CircularBuffer.c:70: warning: found documented return type for CircularBuffer_Clear that does not return anything
/Users/ethanpuchaty/Repos/badge/fman25/main/src/CircularBuffer.c:55: warning: found documented return type for CircularBuffer_Free that does not return anything
/Users/ethanpuchaty/Repos/badge/fman25/README.md:7: warning: unable to resolve reference to 'overview' for \ref command
/Users/ethanpuchaty/Repos/badge/fman25/README.md:8: warning: unable to resolve reference to 'features' for \ref command
/Users/ethanpuchaty/Repos/badge/fman25/README.md:9: warning: unable to resolve reference to 'hardware-requirements' for \ref command
/Users/ethanpuchaty/Repos/badge/fman25/README.md:10: warning: unable to resolve reference to 'project-structure' for \ref command
/Users/ethanpuchaty/Repos/badge/fman25/README.md:11: warning: unable to resolve reference to 'getting-started' for \ref command
/Users/ethanpuchaty/Repos/badge/fman25/README.md:12: warning: unable to resolve reference to 'building-and-flashing' for \ref command
/Users/ethanpuchaty/Repos/badge/fman25/README.md:13: warning: unable to resolve reference to 'configuration' for \ref command
/Users/ethanpuchaty/Repos/badge/fman25/README.md:14: warning: unable to resolve reference to 'architecture' for \ref command
/Users/ethanpuchaty/Repos/badge/fman25/README.md:15: warning: unable to resolve reference to 'development' for \ref command
/Users/ethanpuchaty/Repos/badge/fman25/README.md:16: warning: unable to resolve reference to 'troubleshooting' for \ref command
erating docs for file CircularBuffer.c...
Generating docs for file Console.c...
Generating docs for file DiskUtilities.c...
Generating docs for file GameState.c...
Generating docs for file GpioControl.c...
Generating docs for file hashmap.c...
Generating docs for file HTTPGameClient.c...
Generating docs for file JsonUtils.c...
Generating docs for file LedControl.c...
Generating docs for file LedModing.c...
Generating docs for file LedSequences.c...
Generating docs for file Mutex.c...
Generating docs for file Notes.c...
Generating docs for file NotificationDispatcher.c...
Generating docs for file Ocarina.c...
Generating docs for file OtaUpdate.c...
Generating docs for file Songs.c...
Generating docs for file BoleroOfFire.c...
Generating docs for file Bonus.c...
Generating docs for file BonusBonus.c...
Generating docs for file ChestSound.c...
Generating docs for file EponasSong.c...
Generating docs for file Fanfare.c...
Generating docs for file Margaritaville.c...
Generating docs for file MinuetOfForest.c...
Generating docs for file NocturneOfShadow.c...
Generating docs for file PreludeOfLight.c...
Generating docs for file RequiemOfSpirit.c...
Generating docs for file RightRound.c...
Generating docs for file SariasSong.c...
Generating docs for file SecretSound.c...
Generating docs for file SerenadeOfWater.c...
Generating docs for file SongOfStorms.c...
Generating docs for file SongOfTime.c...
Generating docs for file SuccessSound.c...
Generating docs for file SunsSong.c...
Generating docs for file ZeldaOpening.c...
Generating docs for file ZeldasLullaby.c...
Generating docs for file ZeldaTheme.c...
Generating docs for file SynthMode.c...
Generating docs for file SystemState.c...
Generating docs for file TimeUtils.c...
Generating docs for file TouchActions.c...
Generating docs for file TouchSensor.c...
Generating docs for file UserSettings.c...
Generating docs for file Utilities.c...
Generating docs for file WifiClient.c...
Generating docs for file README.md...
Generating page documentation...
Generating docs for page md__2_users_2ethanpuchaty_2_repos_2badge_2fman25_2_d_o_c_u_m_e_n_t_a_t_i_o_n...
Generating group documentation...
Generating class documentation...
Generating docs for compound hashmap_entry...
Generating docs for compound TouchMap_t...
Generating concept documentation...
Generating module documentation...
Generating namespace documentation...
Generating graph info page...
Generating directory documentation...
Generating index page...
Generating main page...
Generating page index...
Generating topic index...
Generating module index...
Generating module member index...
Generating namespace index...
Generating namespace member index...
Generating concept index...
Generating annotated compound index...
Generating alphabetical compound index...
Generating hierarchical class index...
Generating member index...
Generating file index...
Generating file member index...
Generating example index...
finalizing index lists...
writing tag file...
Running plantuml with JAVA...
type lookup cache used 474/65536 hits=153 misses=474
symbol lookup cache used 552/65536 hits=282 misses=552
finished...
